<?xml version="1.0" encoding="UTF-8"?>
<!-- Generated by org.testng.reporters.JUnitReportReporter -->
<testsuite skipped="0" hostname="VR" name="runner.RunTest" tests="1" failures="0" timestamp="2020-03-19T19:13:17 IST" time="13.478" errors="1">
  <testcase name="runScenario" time="13.478" classname="runner.RunTest">
    <error type="java.lang.NullPointerException">
      <![CDATA[java.lang.NullPointerException
at java.util.Objects.requireNonNull(Objects.java:203)
at org.openqa.selenium.support.ui.FluentWait.<init>(FluentWait.java:106)
at org.openqa.selenium.support.ui.WebDriverWait.<init>(WebDriverWait.java:85)
at org.openqa.selenium.support.ui.WebDriverWait.<init>(WebDriverWait.java:45)
at base.SeleniumBase.enterValue(SeleniumBase.java:86)
at pages.LoginPage.enterUserName(LoginPage.java:24)
at ✽.enter the username as demosalesmanager(file:src/test/java/feature/Leads.feature:3)
]]>
    </error>
  </testcase> <!-- runScenario -->
</testsuite> <!-- runner.RunTest -->
