<?xml version="1.0" encoding="UTF-8"?>
<!-- Generated by org.testng.reporters.JUnitXMLReporter -->
<testsuite hostname="VR" ignored="0" name="Login" tests="7" failures="0" timestamp="2020-03-18T20:58:56 IST" time="150.871" errors="0">
  <testcase name="duplicateLeadsMethod" time="52.426" classname="testcase.TC_005_DuplicateLeads"/>
  <testcase name="editLeadsMethos" time="55.092" classname="testcase.TC_003_EditLeads"/>
  <testcase name="createLeadsMethod" time="67.921" classname="testcase.TC_002_CreateLeads"/>
  <testcase name="mergeLeadsMethod" time="70.417" classname="testcase.TC_004_MergeLeads"/>
  <testcase name="duplicateLeadsMethod" time="49.89" classname="testcase.TC_005_DuplicateLeads"/>
  <testcase name="editLeadsMethos" time="48.43" classname="testcase.TC_003_EditLeads"/>
  <testcase name="createLeadsMethod" time="40.291" classname="testcase.TC_002_CreateLeads"/>
</testsuite> <!-- Login -->
